C:\USERS\GAMING\DOCUMENTS\VISUAL STUDIO 2010\PROJECTS\LYRICSANALYZER\LYRICSANALYZER\DEBUG\LYRICSANALYZER.EXE
C:\USERS\GAMING\DOCUMENTS\VISUAL STUDIO 2010\PROJECTS\LYRICSANALYZER\LYRICSANALYZER\DEBUG\LYRICSANALYZER.ILK
C:\USERS\GAMING\DOCUMENTS\VISUAL STUDIO 2010\PROJECTS\LYRICSANALYZER\LYRICSANALYZER\DEBUG\LYRICSANALYZER.PDB
C:\Users\Gaming\Documents\Visual Studio 2010\Projects\lyricsAnalyzer\LyricsAnalyzer\LyricsAnalyzer\Debug\cl.command.1.tlog
C:\Users\Gaming\Documents\Visual Studio 2010\Projects\lyricsAnalyzer\LyricsAnalyzer\LyricsAnalyzer\Debug\CL.read.1.tlog
C:\Users\Gaming\Documents\Visual Studio 2010\Projects\lyricsAnalyzer\LyricsAnalyzer\LyricsAnalyzer\Debug\CL.write.1.tlog
C:\Users\Gaming\Documents\Visual Studio 2010\Projects\lyricsAnalyzer\LyricsAnalyzer\LyricsAnalyzer\Debug\link.8488.read.1.tlog
C:\Users\Gaming\Documents\Visual Studio 2010\Projects\lyricsAnalyzer\LyricsAnalyzer\LyricsAnalyzer\Debug\link.8488.write.1.tlog
C:\Users\Gaming\Documents\Visual Studio 2010\Projects\lyricsAnalyzer\LyricsAnalyzer\LyricsAnalyzer\Debug\link.8488-cvtres.read.1.tlog
C:\Users\Gaming\Documents\Visual Studio 2010\Projects\lyricsAnalyzer\LyricsAnalyzer\LyricsAnalyzer\Debug\link.8488-cvtres.write.1.tlog
C:\Users\Gaming\Documents\Visual Studio 2010\Projects\lyricsAnalyzer\LyricsAnalyzer\LyricsAnalyzer\Debug\link.command.1.tlog
C:\Users\Gaming\Documents\Visual Studio 2010\Projects\lyricsAnalyzer\LyricsAnalyzer\LyricsAnalyzer\Debug\link.read.1.tlog
C:\Users\Gaming\Documents\Visual Studio 2010\Projects\lyricsAnalyzer\LyricsAnalyzer\LyricsAnalyzer\Debug\link.write.1.tlog
C:\Users\Gaming\Documents\Visual Studio 2010\Projects\lyricsAnalyzer\LyricsAnalyzer\LyricsAnalyzer\Debug\link-cvtres.read.1.tlog
C:\Users\Gaming\Documents\Visual Studio 2010\Projects\lyricsAnalyzer\LyricsAnalyzer\LyricsAnalyzer\Debug\link-cvtres.write.1.tlog
C:\USERS\GAMING\DOCUMENTS\VISUAL STUDIO 2010\PROJECTS\LYRICSANALYZER\LYRICSANALYZER\LYRICSANALYZER\DEBUG\LYRICSANALYZER.EXE.EMBED.MANIFEST
C:\USERS\GAMING\DOCUMENTS\VISUAL STUDIO 2010\PROJECTS\LYRICSANALYZER\LYRICSANALYZER\LYRICSANALYZER\DEBUG\LYRICSANALYZER.EXE.EMBED.MANIFEST.RES
C:\USERS\GAMING\DOCUMENTS\VISUAL STUDIO 2010\PROJECTS\LYRICSANALYZER\LYRICSANALYZER\LYRICSANALYZER\DEBUG\LYRICSANALYZER.EXE.INTERMEDIATE.MANIFEST
C:\USERS\GAMING\DOCUMENTS\VISUAL STUDIO 2010\PROJECTS\LYRICSANALYZER\LYRICSANALYZER\LYRICSANALYZER\DEBUG\LYRICSANALYZER.OBJ
C:\USERS\GAMING\DOCUMENTS\VISUAL STUDIO 2010\PROJECTS\LYRICSANALYZER\LYRICSANALYZER\LYRICSANALYZER\DEBUG\LYRICSANALYZER.PCH
C:\Users\Gaming\Documents\Visual Studio 2010\Projects\lyricsAnalyzer\LyricsAnalyzer\LyricsAnalyzer\Debug\LyricsAnalyzer.write.1.tlog
C:\Users\Gaming\Documents\Visual Studio 2010\Projects\lyricsAnalyzer\LyricsAnalyzer\LyricsAnalyzer\Debug\LyricsAnalyzer_manifest.rc
C:\Users\Gaming\Documents\Visual Studio 2010\Projects\lyricsAnalyzer\LyricsAnalyzer\LyricsAnalyzer\Debug\mt.command.1.tlog
C:\Users\Gaming\Documents\Visual Studio 2010\Projects\lyricsAnalyzer\LyricsAnalyzer\LyricsAnalyzer\Debug\mt.read.1.tlog
C:\Users\Gaming\Documents\Visual Studio 2010\Projects\lyricsAnalyzer\LyricsAnalyzer\LyricsAnalyzer\Debug\mt.write.1.tlog
C:\Users\Gaming\Documents\Visual Studio 2010\Projects\lyricsAnalyzer\LyricsAnalyzer\LyricsAnalyzer\Debug\rc.command.1.tlog
C:\Users\Gaming\Documents\Visual Studio 2010\Projects\lyricsAnalyzer\LyricsAnalyzer\LyricsAnalyzer\Debug\rc.read.1.tlog
C:\Users\Gaming\Documents\Visual Studio 2010\Projects\lyricsAnalyzer\LyricsAnalyzer\LyricsAnalyzer\Debug\rc.write.1.tlog
C:\USERS\GAMING\DOCUMENTS\VISUAL STUDIO 2010\PROJECTS\LYRICSANALYZER\LYRICSANALYZER\LYRICSANALYZER\DEBUG\STDAFX.OBJ
C:\Users\Gaming\Documents\Visual Studio 2010\Projects\lyricsAnalyzer\LyricsAnalyzer\LyricsAnalyzer\Debug\vc100.idb
C:\USERS\GAMING\DOCUMENTS\VISUAL STUDIO 2010\PROJECTS\LYRICSANALYZER\LYRICSANALYZER\LYRICSANALYZER\DEBUG\VC100.PDB
C:\USERS\GAMING\DOCUMENTS\VISUAL STUDIO 2010\PROJECTS\LYRICSANALYZER\LYRICSANALYZER\LYRICSANALYZER\DEBUG\WORDVECTOR.OBJ
